{
  "RSpec": {
    "coverage": {
      "/Users/jamo/g/tiralabra/heaps/Heap/src/BinaryHeap.rb": [
        1,
        1,
        null,
        null,
        null,
        null,
        null,
        null,
        1,
        1,
        1,
        6,
        null,
        null,
        null,
        null,
        null,
        null,
        null,
        null,
        null,
        null,
        null,
        null,
        1,
        5,
        41,
        41,
        null,
        null,
        null,
        1,
        1,
        1,
        1,
        null,
        null,
        null,
        1,
        1,
        1,
        1,
        null,
        null,
        null,
        1,
        2,
        2,
        2,
        2,
        null,
        null,
        null,
        1,
        8,
        null,
        null,
        null,
        null,
        null,
        null,
        null,
        null,
        null,
        null,
        null,
        null,
        null,
        null,
        null,
        1,
        null,
        1,
        86,
        68,
        68,
        44,
        44,
        null,
        null,
        null,
        null,
        null,
        1,
        49,
        null,
        null,
        null,
        null,
        1,
        8,
        5,
        5,
        5,
        null,
        null,
        null,
        1,
        8,
        5,
        5,
        5,
        5,
        null,
        null,
        1,
        5,
        5,
        3,
        null,
        2,
        null,
        null,
        null,
        null
      ],
      "/Users/jamo/g/tiralabra/heaps/Heap/src/d_heap.rb": [
        1,
        1,
        1,
        1,
        null,
        1,
        null,
        1,
        12,
        null,
        null,
        null,
        null,
        null,
        null,
        null,
        1,
        121,
        121,
        null,
        null,
        1,
        30,
        null,
        null,
        1,
        38,
        null,
        null,
        null,
        1,
        null,
        38,
        null,
        null,
        1,
        11,
        95,
        95,
        null,
        null,
        null,
        1,
        6,
        6,
        6,
        6,
        5,
        5,
        null,
        6,
        null,
        null,
        1,
        3,
        2,
        2,
        2,
        null,
        null,
        null,
        1,
        3,
        2,
        2,
        2,
        null,
        null,
        null,
        1,
        79,
        null,
        null,
        1,
        168,
        121,
        121,
        71,
        71,
        null,
        null,
        null,
        null,
        1,
        15,
        null,
        null,
        8,
        8,
        8,
        8,
        null,
        null,
        null,
        1,
        15,
        15,
        22,
        null,
        15,
        null,
        null,
        15,
        15,
        null,
        null,
        1,
        8,
        8,
        15,
        null,
        8,
        null,
        null,
        1,
        8,
        null,
        null,
        1,
        7,
        null,
        null,
        1,
        1,
        null,
        null,
        1,
        1,
        null,
        null,
        1,
        1,
        null,
        null,
        null
      ],
      "/Users/jamo/g/tiralabra/heaps/Heap/spec/d_heap_spec.rb": [
        1,
        null,
        1,
        null,
        1,
        12,
        null,
        null,
        1,
        1,
        1,
        null,
        null,
        null,
        1,
        1,
        1,
        1,
        null,
        null,
        null,
        1,
        1,
        1,
        1,
        1,
        6,
        null,
        1,
        null,
        null,
        null,
        1,
        1,
        1,
        1,
        1,
        1,
        1,
        1,
        1,
        null,
        null,
        1,
        1,
        1,
        1,
        1,
        1,
        1,
        1,
        null,
        null,
        null,
        1,
        1,
        1,
        1,
        1,
        1,
        null,
        null,
        null,
        1,
        1,
        1,
        1,
        1,
        1,
        1,
        1,
        1,
        null,
        null,
        1,
        1,
        1,
        1,
        1,
        1,
        1,
        1,
        null,
        null,
        null,
        1,
        1,
        1,
        1,
        1,
        1,
        null,
        null,
        null,
        1,
        1,
        1,
        1,
        1,
        null,
        null,
        null,
        1,
        1,
        1,
        1,
        1,
        1,
        null,
        null,
        null,
        1,
        1,
        1,
        1,
        null,
        null,
        null,
        null
      ]
    },
    "timestamp": 1347553376
  }
}
