{
  "RSpec": {
    "coverage": {
      "/Users/jamo/g/tiralabra/heaps/Heap/src/binary_heap.rb": [
        1,
        1,
        null,
        null,
        1,
        8,
        null,
        null
      ],
      "/Users/jamo/g/tiralabra/heaps/Heap/src/d_heap.rb": [
        1,
        1,
        1,
        1,
        null,
        1,
        null,
        null,
        null,
        null,
        1,
        23,
        null,
        null,
        null,
        null,
        null,
        null,
        null,
        null,
        null,
        null,
        null,
        1,
        40617,
        40617,
        null,
        null,
        null,
        null,
        null,
        null,
        1,
        440512,
        null,
        null,
        null,
        null,
        null,
        1,
        640565,
        null,
        null,
        null,
        null,
        null,
        null,
        1,
        null,
        640565,
        null,
        null,
        null,
        null,
        null,
        null,
        1,
        20216,
        20300,
        20300,
        null,
        null,
        null,
        null,
        null,
        null,
        1,
        20208,
        20208,
        20208,
        20208,
        20201,
        20201,
        null,
        20208,
        null,
        null,
        null,
        null,
        null,
        null,
        null,
        1,
        4,
        2,
        2,
        2,
        null,
        null,
        null,
        null,
        null,
        null,
        null,
        null,
        1,
        4,
        2,
        2,
        2,
        null,
        null,
        null,
        null,
        null,
        null,
        null,
        1,
        220442,
        null,
        null,
        null,
        null,
        1,
        40691,
        40617,
        40617,
        20389,
        20389,
        null,
        null,
        null,
        null,
        null,
        null,
        null,
        null,
        null,
        null,
        1,
        220256,
        null,
        null,
        200053,
        200053,
        200053,
        200053,
        null,
        null,
        null,
        null,
        null,
        null,
        1,
        220256,
        220256,
        471297,
        null,
        220256,
        220256,
        220256,
        null,
        null,
        null,
        null,
        1,
        200053,
        200053,
        451088,
        null,
        200053,
        null,
        null,
        1,
        8,
        null,
        null,
        1,
        7,
        null,
        null,
        1,
        1,
        null,
        null,
        1,
        1,
        null,
        null,
        1,
        1,
        null,
        null,
        1,
        8,
        null,
        null,
        null
      ],
      "/Users/jamo/g/tiralabra/heaps/Heap/src/three_heap.rb": [
        1,
        1,
        null,
        1,
        3,
        null,
        null,
        null
      ],
      "/Users/jamo/g/tiralabra/heaps/Heap/spec/d_heap_spec.rb": [
        1,
        null,
        1,
        null,
        1,
        12,
        null,
        null,
        1,
        1,
        1,
        null,
        null,
        null,
        1,
        1,
        1,
        1,
        null,
        null,
        null,
        1,
        1,
        1,
        1,
        1,
        6,
        null,
        1,
        null,
        null,
        null,
        1,
        1,
        1,
        1,
        1,
        1,
        1,
        1,
        1,
        null,
        null,
        1,
        1,
        1,
        1,
        1,
        1,
        1,
        1,
        null,
        null,
        null,
        1,
        1,
        1,
        1,
        1,
        1,
        null,
        null,
        null,
        1,
        1,
        1,
        1,
        1,
        1,
        1,
        1,
        1,
        null,
        null,
        1,
        1,
        1,
        1,
        1,
        1,
        1,
        1,
        null,
        null,
        null,
        1,
        1,
        1,
        1,
        1,
        1,
        null,
        null,
        null,
        1,
        1,
        1,
        1,
        1,
        null,
        null,
        null,
        1,
        1,
        1,
        1,
        1,
        1,
        null,
        null,
        null,
        1,
        1,
        1,
        1,
        null,
        null,
        null,
        null
      ],
      "/Users/jamo/g/tiralabra/heaps/Heap/spec/three_heap_spec.rb": [
        1,
        null,
        null,
        1,
        null,
        1,
        3,
        null,
        null,
        1,
        1,
        1,
        null,
        null,
        null,
        1,
        1,
        1,
        100,
        null,
        1,
        1,
        100,
        null,
        1,
        1,
        null,
        null,
        1,
        1,
        10000,
        null,
        1,
        1,
        10000,
        null,
        1,
        1,
        null,
        null,
        null,
        null
      ]
    },
    "timestamp": 1349021804
  }
}
